Determining if the pthread_create exist failed with the following output:
Change Dir: /home/wangguojun/source_code/curb_detection/detection/Debug/CMakeFiles/CMakeTmp

Run Build Command:"/usr/bin/ninja" "cmTC_d6146"
[1/2] Building C object CMakeFiles/cmTC_d6146.dir/CheckSymbolExists.c.o
[2/2] Linking C executable cmTC_d6146
FAILED: : && /usr/bin/gcc   -rdynamic CMakeFiles/cmTC_d6146.dir/CheckSymbolExists.c.o  -o cmTC_d6146   && :
CMakeFiles/cmTC_d6146.dir/CheckSymbolExists.c.o：在函数‘main’中：
CheckSymbolExists.c:(.text+0x16)：对‘pthread_create’未定义的引用
collect2: error: ld returned 1 exit status
ninja: build stopped: subcommand failed.

File /home/wangguojun/source_code/curb_detection/detection/Debug/CMakeFiles/CMakeTmp/CheckSymbolExists.c:
/* */
#include <pthread.h>

int main(int argc, char** argv)
{
  (void)argv;
#ifndef pthread_create
  return ((int*)(&pthread_create))[argc];
#else
  (void)argc;
  return 0;
#endif
}

Determining if the function pthread_create exists in the pthreads failed with the following output:
Change Dir: /home/wangguojun/source_code/curb_detection/detection/Debug/CMakeFiles/CMakeTmp

Run Build Command:"/usr/bin/ninja" "cmTC_45cd2"
[1/2] Building C object CMakeFiles/cmTC_45cd2.dir/CheckFunctionExists.c.o
[2/2] Linking C executable cmTC_45cd2
FAILED: : && /usr/bin/gcc -DCHECK_FUNCTION_EXISTS=pthread_create  -rdynamic CMakeFiles/cmTC_45cd2.dir/CheckFunctionExists.c.o  -o cmTC_45cd2  -lpthreads && :
/usr/bin/ld: 找不到 -lpthreads
collect2: error: ld returned 1 exit status
ninja: build stopped: subcommand failed.


